{"message":"asdasdasd","level":"error"}
{"message":"asdasdasd","level":"error"}
{"message":"asdasdasd","level":"error"}
error: Mar-17-2021 17:12:42: 	asdasdasd
error: Mar-17-2021 17:13:01: asdasdasd
{"message":"asdasdasd","level":"error","timestamp":"Mar-17-2021 17:13:35"}
{"message":"asdasdasd","level":"error","timestamp":"Mar-17-2021 17:15:53"}
{"message":"asdasdasd","level":"error","timestamp":"Mar-17-2021 17:16:10"}
{"message":"teste error","level":"error","timestamp":"Mar-17-2021 17:19:38"}
{"message":"Error: teste error. StackTrace: Error: teste error\n    at UpdateUserUseCase.<anonymous> (/home/carlos/development/rocketseat/fastfeet/packages/server/src/useCases/UpdateUser/UpdateUserUseCase.ts:24:11)\n    at step (/home/carlos/development/rocketseat/fastfeet/packages/server/src/useCases/UpdateUser/UpdateUserUseCase.ts:33:23)\n    at Object.next (/home/carlos/development/rocketseat/fastfeet/packages/server/src/useCases/UpdateUser/UpdateUserUseCase.ts:14:53)\n    at /home/carlos/development/rocketseat/fastfeet/packages/server/src/useCases/UpdateUser/UpdateUserUseCase.ts:8:71\n    at new Promise (<anonymous>)\n    at __awaiter (/home/carlos/development/rocketseat/fastfeet/packages/server/src/useCases/UpdateUser/UpdateUserUseCase.ts:4:12)\n    at UpdateUserUseCase.execute (/home/carlos/development/rocketseat/fastfeet/packages/server/src/useCases/UpdateUser/UpdateUserUseCase.ts:52:16)\n    at UpdateUserController.<anonymous> (/home/carlos/development/rocketseat/fastfeet/packages/server/src/controllers/UpdateUserController.ts:23:36)\n    at step (/home/carlos/development/rocketseat/fastfeet/packages/server/src/controllers/UpdateUserController.ts:48:23)\n    at Object.next (/home/carlos/development/rocketseat/fastfeet/packages/server/src/controllers/UpdateUserController.ts:29:53)","level":"error","timestamp":"Mar-17-2021 17:20:43"}
{"message":"asd","level":"error","timestamp":"Mar-18-2021 15:10:04"}
{ message: 'asd', level: 'error', timestamp: 'Mar-18-2021 15:22:08' }
{ message: 'asd', level: 'error', timestamp: 'Mar-18-2021 15:38:12' }
{
  message: 'asd',
  stack: 'Error: asd\n' +
    '    at /home/carlos/development/rocketseat/fastfeet/packages/server/src/main/http/server.ts:7:11\n' +
    '    at step (/home/carlos/development/rocketseat/fastfeet/packages/server/src/main/http/server.ts:52:23)\n' +
    '    at Object.next (/home/carlos/development/rocketseat/fastfeet/packages/server/src/main/http/server.ts:33:53)\n' +
    '    at /home/carlos/development/rocketseat/fastfeet/packages/server/src/main/http/server.ts:27:71\n' +
    '    at new Promise (<anonymous>)\n' +
    '    at __awaiter (/home/carlos/development/rocketseat/fastfeet/packages/server/src/main/http/server.ts:23:12)\n' +
    '    at init (/home/carlos/development/rocketseat/fastfeet/packages/server/src/main/http/server.ts:5:14)\n' +
    '    at Object.<anonymous> (/home/carlos/development/rocketseat/fastfeet/packages/server/src/main/http/server.ts:18:1)\n' +
    '    at Module._compile (internal/modules/cjs/loader.js:1063:30)\n' +
    '    at Module._compile (/home/carlos/development/rocketseat/fastfeet/node_modules/source-map-support/source-map-support.js:547:25)',
  level: 'error',
  timestamp: 'Mar-18-2021 15:38:54'
}
{
  message: 'asd',
  stack: 'Error: asd\n' +
    '    at /home/carlos/development/rocketseat/fastfeet/packages/server/src/main/http/server.ts:7:11\n' +
    '    at step (/home/carlos/development/rocketseat/fastfeet/packages/server/src/main/http/server.ts:52:23)\n' +
    '    at Object.next (/home/carlos/development/rocketseat/fastfeet/packages/server/src/main/http/server.ts:33:53)\n' +
    '    at /home/carlos/development/rocketseat/fastfeet/packages/server/src/main/http/server.ts:27:71\n' +
    '    at new Promise (<anonymous>)\n' +
    '    at __awaiter (/home/carlos/development/rocketseat/fastfeet/packages/server/src/main/http/server.ts:23:12)\n' +
    '    at init (/home/carlos/development/rocketseat/fastfeet/packages/server/src/main/http/server.ts:5:14)\n' +
    '    at Object.<anonymous> (/home/carlos/development/rocketseat/fastfeet/packages/server/src/main/http/server.ts:18:1)\n' +
    '    at Module._compile (internal/modules/cjs/loader.js:1063:30)\n' +
    '    at Module._compile (/home/carlos/development/rocketseat/fastfeet/node_modules/source-map-support/source-map-support.js:547:25)',
  level: 'error',
  timestamp: 'Mar-18-2021 15:41:17'
}
{
  message: 'asd',
  stack: 'Error: asd\n' +
    '    at /home/carlos/development/rocketseat/fastfeet/packages/server/src/main/http/server.ts:7:11\n' +
    '    at step (/home/carlos/development/rocketseat/fastfeet/packages/server/src/main/http/server.ts:52:23)\n' +
    '    at Object.next (/home/carlos/development/rocketseat/fastfeet/packages/server/src/main/http/server.ts:33:53)\n' +
    '    at /home/carlos/development/rocketseat/fastfeet/packages/server/src/main/http/server.ts:27:71\n' +
    '    at new Promise (<anonymous>)\n' +
    '    at __awaiter (/home/carlos/development/rocketseat/fastfeet/packages/server/src/main/http/server.ts:23:12)\n' +
    '    at init (/home/carlos/development/rocketseat/fastfeet/packages/server/src/main/http/server.ts:5:14)\n' +
    '    at Object.<anonymous> (/home/carlos/development/rocketseat/fastfeet/packages/server/src/main/http/server.ts:18:1)\n' +
    '    at Module._compile (internal/modules/cjs/loader.js:1063:30)\n' +
    '    at Module._compile (/home/carlos/development/rocketseat/fastfeet/node_modules/source-map-support/source-map-support.js:547:25)',
  level: 'error',
  timestamp: 'Mar-18-2021 15:41:33'
}
{
  message: 'asd',
  stack: 'Error: asd\n' +
    '    at /home/carlos/development/rocketseat/fastfeet/packages/server/src/main/http/server.ts:7:11\n' +
    '    at step (/home/carlos/development/rocketseat/fastfeet/packages/server/src/main/http/server.ts:52:23)\n' +
    '    at Object.next (/home/carlos/development/rocketseat/fastfeet/packages/server/src/main/http/server.ts:33:53)\n' +
    '    at /home/carlos/development/rocketseat/fastfeet/packages/server/src/main/http/server.ts:27:71\n' +
    '    at new Promise (<anonymous>)\n' +
    '    at __awaiter (/home/carlos/development/rocketseat/fastfeet/packages/server/src/main/http/server.ts:23:12)\n' +
    '    at init (/home/carlos/development/rocketseat/fastfeet/packages/server/src/main/http/server.ts:5:14)\n' +
    '    at Object.<anonymous> (/home/carlos/development/rocketseat/fastfeet/packages/server/src/main/http/server.ts:18:1)\n' +
    '    at Module._compile (internal/modules/cjs/loader.js:1063:30)\n' +
    '    at Module._compile (/home/carlos/development/rocketseat/fastfeet/node_modules/source-map-support/source-map-support.js:547:25)',
  level: 'error',
  timestamp: 'Mar-18-2021 15:42:21'
}
{
  message: 'asd',
  stack: 'Error: asd\n' +
    '    at /home/carlos/development/rocketseat/fastfeet/packages/server/src/main/http/server.ts:7:11\n' +
    '    at step (/home/carlos/development/rocketseat/fastfeet/packages/server/src/main/http/server.ts:52:23)\n' +
    '    at Object.next (/home/carlos/development/rocketseat/fastfeet/packages/server/src/main/http/server.ts:33:53)\n' +
    '    at /home/carlos/development/rocketseat/fastfeet/packages/server/src/main/http/server.ts:27:71\n' +
    '    at new Promise (<anonymous>)\n' +
    '    at __awaiter (/home/carlos/development/rocketseat/fastfeet/packages/server/src/main/http/server.ts:23:12)\n' +
    '    at init (/home/carlos/development/rocketseat/fastfeet/packages/server/src/main/http/server.ts:5:14)\n' +
    '    at Object.<anonymous> (/home/carlos/development/rocketseat/fastfeet/packages/server/src/main/http/server.ts:18:1)\n' +
    '    at Module._compile (internal/modules/cjs/loader.js:1063:30)\n' +
    '    at Module._compile (/home/carlos/development/rocketseat/fastfeet/node_modules/source-map-support/source-map-support.js:547:25)',
  level: 'error',
  timestamp: 'Mar-18-2021 15:42:38'
}
